<?xml version="1.0" encoding="UTF-8"?>
<!-- Generated by org.testng.reporters.JUnitXMLReporter -->
<testsuite ignored="1" hostname="DESKTOP-4I0OOIS" failures="0" tests="1" name="Test" time="5.937" errors="0" timestamp="2021-08-28T20:55:53 IST">
  <testcase classname="com.facebook.test.SignupPageTestClass" name="signupPageTxtBoxTest" time="0.093"/>
  <testcase classname="com.facebook.test.SignupPageTestClass" name="verifyRadioBtn" time="0.0">
    <ignored/>
  </testcase> <!-- verifyRadioBtn -->
</testsuite> <!-- Test -->
