<?xml version="1.0" encoding="UTF-8"?>
<testng-results ignored="1" total="2" passed="1" failed="0" skipped="0">
  <reporter-output>
  </reporter-output>
  <suite started-at="2021-08-28T20:55:47 IST" name="Suite" finished-at="2021-08-28T20:55:53 IST" duration-ms="5937">
    <groups>
    </groups>
    <test started-at="2021-08-28T20:55:47 IST" name="Test" finished-at="2021-08-28T20:55:53 IST" duration-ms="5937">
      <class name="com.facebook.test.SignupPageTestClass">
        <test-method is-config="true" signature="excelData()[pri:0, instance:com.facebook.test.SignupPageTestClass@3f191845]" started-at="2021-08-28T20:55:47 IST" name="excelData" finished-at="2021-08-28T20:55:47 IST" duration-ms="216" status="PASS">
          <reporter-output>
          </reporter-output>
        </test-method> <!-- excelData -->
        <test-method is-config="true" signature="setUp(java.lang.String)[pri:0, instance:com.facebook.test.SignupPageTestClass@3f191845]" started-at="2021-08-28T20:55:47 IST" name="setUp" finished-at="2021-08-28T20:55:53 IST" duration-ms="5615" status="PASS">
          <params>
            <param index="0">
              <value>
                <![CDATA[chrome]]>
              </value>
            </param>
          </params>
          <reporter-output>
          </reporter-output>
        </test-method> <!-- setUp -->
        <test-method is-config="true" signature="pageFactory()[pri:0, instance:com.facebook.test.SignupPageTestClass@3f191845]" started-at="2021-08-28T20:55:53 IST" name="pageFactory" finished-at="2021-08-28T20:55:53 IST" duration-ms="18" status="PASS">
          <reporter-output>
          </reporter-output>
        </test-method> <!-- pageFactory -->
        <test-method signature="signupPageTxtBoxTest()[pri:0, instance:com.facebook.test.SignupPageTestClass@3f191845]" started-at="2021-08-28T20:55:53 IST" name="signupPageTxtBoxTest" finished-at="2021-08-28T20:55:53 IST" duration-ms="93" status="PASS">
          <reporter-output>
          </reporter-output>
        </test-method> <!-- signupPageTxtBoxTest -->
        <test-method is-config="true" signature="closeBrowser()[pri:0, instance:com.facebook.test.SignupPageTestClass@3f191845]" started-at="2021-08-28T20:55:53 IST" name="closeBrowser" finished-at="2021-08-28T20:55:53 IST" duration-ms="185" status="PASS">
          <reporter-output>
          </reporter-output>
        </test-method> <!-- closeBrowser -->
      </class> <!-- com.facebook.test.SignupPageTestClass -->
    </test> <!-- Test -->
  </suite> <!-- Suite -->
</testng-results>
